
> dev
> vite


  VITE v6.2.1  ready in 172 ms

  ➜  Local:   http://localhost:5175/
  ➜  Network: http://172.19.0.4:5175/

  LARAVEL v12.1.1  plugin v1.2.0

  ➜  APP_URL: http://localhost

> dev
> vite

error when starting dev server:
Error: Port 5175 is already in use
    at Server.onError (file:///var/www/node_modules/vite/dist/node/chunks/dep-glQox-ep.js:30664:18)
    at Server.emit (node:events:517:28)
    at emitErrorNT (node:net:1844:8)
    at process.processTicksAndRejections (node:internal/process/task_queues:82:21)

> dev
> vite

error when starting dev server:
Error: Port 5175 is already in use
    at Server.onError (file:///var/www/node_modules/vite/dist/node/chunks/dep-glQox-ep.js:30664:18)
    at Server.emit (node:events:517:28)
    at emitErrorNT (node:net:1844:8)
    at process.processTicksAndRejections (node:internal/process/task_queues:82:21)

> dev
> vite

error when starting dev server:
Error: Port 5175 is already in use
    at Server.onError (file:///var/www/node_modules/vite/dist/node/chunks/dep-glQox-ep.js:30664:18)
    at Server.emit (node:events:517:28)
    at emitErrorNT (node:net:1844:8)
    at process.processTicksAndRejections (node:internal/process/task_queues:82:21)
